2025-07-30T14:34:50.684+05:30  INFO 24764 --- [deutsche-springboot-demo] [main] com.deutsche.demo.App                    : Starting App using Java 21.0.4 with PID 24764 (C:\Users\goush\Desktop\Programming\Java\DB Virtual Training\deutsche-springboot-demo\target\classes started by goush in C:\Users\goush\Desktop\Programming\Java\DB Virtual Training\deutsche-springboot-demo)
2025-07-30T14:34:50.687+05:30  INFO 24764 --- [deutsche-springboot-demo] [main] com.deutsche.demo.App                    : No active profile set, falling back to 1 default profile: "default"
2025-07-30T14:34:51.244+05:30  INFO 24764 --- [deutsche-springboot-demo] [main] .s.d.r.c.RepositoryConfigurationDelegate : Bootstrapping Spring Data JPA repositories in DEFAULT mode.
2025-07-30T14:34:51.287+05:30  INFO 24764 --- [deutsche-springboot-demo] [main] .s.d.r.c.RepositoryConfigurationDelegate : Finished Spring Data repository scanning in 34 ms. Found 1 JPA repository interface.
2025-07-30T14:34:51.575+05:30  INFO 24764 --- [deutsche-springboot-demo] [main] o.s.b.w.embedded.tomcat.TomcatWebServer  : Tomcat initialized with port 8090 (http)
2025-07-30T14:34:51.584+05:30  INFO 24764 --- [deutsche-springboot-demo] [main] o.apache.catalina.core.StandardService   : Starting service [Tomcat]
2025-07-30T14:34:51.585+05:30  INFO 24764 --- [deutsche-springboot-demo] [main] o.apache.catalina.core.StandardEngine    : Starting Servlet engine: [Apache Tomcat/10.1.43]
2025-07-30T14:34:51.625+05:30  INFO 24764 --- [deutsche-springboot-demo] [main] o.a.c.c.C.[.[localhost].[/api/v1]        : Initializing Spring embedded WebApplicationContext
2025-07-30T14:34:51.625+05:30  INFO 24764 --- [deutsche-springboot-demo] [main] w.s.c.ServletWebServerApplicationContext : Root WebApplicationContext: initialization completed in 894 ms
2025-07-30T14:34:51.761+05:30  INFO 24764 --- [deutsche-springboot-demo] [main] o.hibernate.jpa.internal.util.LogHelper  : HHH000204: Processing PersistenceUnitInfo [name: default]
2025-07-30T14:34:51.804+05:30  INFO 24764 --- [deutsche-springboot-demo] [main] org.hibernate.Version                    : HHH000412: Hibernate ORM core version 6.6.22.Final
2025-07-30T14:34:51.833+05:30  INFO 24764 --- [deutsche-springboot-demo] [main] o.h.c.internal.RegionFactoryInitiator    : HHH000026: Second-level cache disabled
2025-07-30T14:34:52.077+05:30  INFO 24764 --- [deutsche-springboot-demo] [main] o.s.o.j.p.SpringPersistenceUnitInfo      : No LoadTimeWeaver setup: ignoring JPA class transformer
2025-07-30T14:34:52.100+05:30  INFO 24764 --- [deutsche-springboot-demo] [main] com.zaxxer.hikari.HikariDataSource       : HikariPool-1 - Starting...
2025-07-30T14:34:52.348+05:30  INFO 24764 --- [deutsche-springboot-demo] [main] com.zaxxer.hikari.pool.HikariPool        : HikariPool-1 - Added connection com.mysql.cj.jdbc.ConnectionImpl@3221588e
2025-07-30T14:34:52.349+05:30  INFO 24764 --- [deutsche-springboot-demo] [main] com.zaxxer.hikari.HikariDataSource       : HikariPool-1 - Start completed.
2025-07-30T14:34:52.417+05:30  INFO 24764 --- [deutsche-springboot-demo] [main] org.hibernate.orm.connections.pooling    : HHH10001005: Database info:
	Database JDBC URL [Connecting through datasource 'HikariDataSource (HikariPool-1)']
	Database driver: undefined/unknown
	Database version: 8.0.41
	Autocommit mode: undefined/unknown
	Isolation level: undefined/unknown
	Minimum pool size: undefined/unknown
	Maximum pool size: undefined/unknown
2025-07-30T14:34:53.048+05:30  INFO 24764 --- [deutsche-springboot-demo] [main] o.h.e.t.j.p.i.JtaPlatformInitiator       : HHH000489: No JTA platform available (set 'hibernate.transaction.jta.platform' to enable JTA platform integration)
2025-07-30T14:34:53.084+05:30  INFO 24764 --- [deutsche-springboot-demo] [main] j.LocalContainerEntityManagerFactoryBean : Initialized JPA EntityManagerFactory for persistence unit 'default'
2025-07-30T14:34:53.370+05:30  WARN 24764 --- [deutsche-springboot-demo] [main] JpaBaseConfiguration$JpaWebConfiguration : spring.jpa.open-in-view is enabled by default. Therefore, database queries may be performed during view rendering. Explicitly configure spring.jpa.open-in-view to disable this warning
2025-07-30T14:34:53.693+05:30  INFO 24764 --- [deutsche-springboot-demo] [main] o.s.b.w.embedded.tomcat.TomcatWebServer  : Tomcat started on port 8090 (http) with context path '/api/v1'
2025-07-30T14:34:53.699+05:30  INFO 24764 --- [deutsche-springboot-demo] [main] com.deutsche.demo.App                    : Started App in 3.367 seconds (process running for 3.829)
2025-07-30T14:35:01.409+05:30  INFO 24764 --- [deutsche-springboot-demo] [http-nio-8090-exec-1] o.a.c.c.C.[.[localhost].[/api/v1]        : Initializing Spring DispatcherServlet 'dispatcherServlet'
2025-07-30T14:35:01.410+05:30  INFO 24764 --- [deutsche-springboot-demo] [http-nio-8090-exec-1] o.s.web.servlet.DispatcherServlet        : Initializing Servlet 'dispatcherServlet'
2025-07-30T14:35:01.410+05:30  INFO 24764 --- [deutsche-springboot-demo] [http-nio-8090-exec-1] o.s.web.servlet.DispatcherServlet        : Completed initialization in 0 ms
2025-07-30T14:36:10.258+05:30  INFO 24764 --- [deutsche-springboot-demo] [http-nio-8090-exec-2] c.deutsche.demo.service.EmployeeService  : Attempting to add employee: null	Ram	8000.0
2025-07-30T14:36:18.184+05:30  INFO 24764 --- [deutsche-springboot-demo] [http-nio-8090-exec-4] c.deutsche.demo.service.EmployeeService  : Employees with the name: ram
2025-07-30T15:28:46.958+05:30  INFO 24764 --- [deutsche-springboot-demo] [SpringApplicationShutdownHook] o.s.b.w.e.tomcat.GracefulShutdown        : Commencing graceful shutdown. Waiting for active requests to complete
2025-07-30T15:28:46.977+05:30  INFO 24764 --- [deutsche-springboot-demo] [tomcat-shutdown] o.s.b.w.e.tomcat.GracefulShutdown        : Graceful shutdown complete
2025-07-30T15:28:46.993+05:30  INFO 24764 --- [deutsche-springboot-demo] [SpringApplicationShutdownHook] j.LocalContainerEntityManagerFactoryBean : Closing JPA EntityManagerFactory for persistence unit 'default'
2025-07-30T15:28:47.004+05:30  INFO 24764 --- [deutsche-springboot-demo] [SpringApplicationShutdownHook] com.zaxxer.hikari.HikariDataSource       : HikariPool-1 - Shutdown initiated...
2025-07-30T15:28:47.011+05:30  INFO 24764 --- [deutsche-springboot-demo] [SpringApplicationShutdownHook] com.zaxxer.hikari.HikariDataSource       : HikariPool-1 - Shutdown completed.
